  CamCal.cpp
d:\research\mot\aicity18\2018aicity_teamuw\track1\cam_cal_ipl\cam_cal_ipl\src\utils.h(34): warning C4244: 'argument': conversion from 'float' to 'int', possible loss of data
d:\research\mot\aicity18\2018aicity_teamuw\track1\cam_cal_ipl\cam_cal_ipl\src\utils.h(124): warning C4244: 'argument': conversion from 'double' to 'float', possible loss of data
d:\research\mot\aicity18\2018aicity_teamuw\track1\cam_cal_ipl\cam_cal_ipl\src\utils.h(126): warning C4244: 'argument': conversion from 'double' to 'float', possible loss of data
d:\research\mot\aicity18\2018aicity_teamuw\track1\cam_cal_ipl\cam_cal_ipl\src\camcal.h(93): warning C4244: '=': conversion from 'int' to 'float', possible loss of data
d:\research\mot\aicity18\2018aicity_teamuw\track1\cam_cal_ipl\cam_cal_ipl\src\camcal.h(94): warning C4244: '=': conversion from 'int' to 'float', possible loss of data
d:\research\mot\aicity18\2018aicity_teamuw\track1\cam_cal_ipl\cam_cal_ipl\src\camcal.h(95): warning C4244: '=': conversion from 'int' to 'float', possible loss of data
d:\research\mot\aicity18\2018aicity_teamuw\track1\cam_cal_ipl\cam_cal_ipl\src\camcal.cpp(196): warning C4244: 'argument': conversion from 'int' to 'float', possible loss of data
d:\research\mot\aicity18\2018aicity_teamuw\track1\cam_cal_ipl\cam_cal_ipl\src\camcal.cpp(228): warning C4267: 'initializing': conversion from 'size_t' to 'int', possible loss of data
d:\research\mot\aicity18\2018aicity_teamuw\track1\cam_cal_ipl\cam_cal_ipl\src\camcal.cpp(236): warning C4244: '=': conversion from 'double' to 'float', possible loss of data
d:\research\mot\aicity18\2018aicity_teamuw\track1\cam_cal_ipl\cam_cal_ipl\src\camcal.cpp(237): warning C4244: '=': conversion from 'double' to 'float', possible loss of data
d:\research\mot\aicity18\2018aicity_teamuw\track1\cam_cal_ipl\cam_cal_ipl\src\camcal.cpp(242): warning C4267: 'initializing': conversion from 'size_t' to 'int', possible loss of data
d:\research\mot\aicity18\2018aicity_teamuw\track1\cam_cal_ipl\cam_cal_ipl\src\camcal.cpp(290): warning C4244: '=': conversion from 'double' to 'int', possible loss of data
d:\research\mot\aicity18\2018aicity_teamuw\track1\cam_cal_ipl\cam_cal_ipl\src\camcal.cpp(318): warning C4267: 'initializing': conversion from 'size_t' to 'int', possible loss of data
d:\research\mot\aicity18\2018aicity_teamuw\track1\cam_cal_ipl\cam_cal_ipl\src\camcal.cpp(340): warning C4244: '=': conversion from 'double' to 'float', possible loss of data
d:\research\mot\aicity18\2018aicity_teamuw\track1\cam_cal_ipl\cam_cal_ipl\src\camcal.cpp(341): warning C4244: '=': conversion from 'double' to 'float', possible loss of data
d:\research\mot\aicity18\2018aicity_teamuw\track1\cam_cal_ipl\cam_cal_ipl\src\camcal.cpp(342): warning C4244: '=': conversion from 'double' to 'float', possible loss of data
d:\research\mot\aicity18\2018aicity_teamuw\track1\cam_cal_ipl\cam_cal_ipl\src\camcal.cpp(347): warning C4267: 'initializing': conversion from 'size_t' to 'int', possible loss of data
d:\research\mot\aicity18\2018aicity_teamuw\track1\cam_cal_ipl\cam_cal_ipl\src\camcal.cpp(556): warning C4244: 'argument': conversion from 'double' to 'float', possible loss of data
d:\research\mot\aicity18\2018aicity_teamuw\track1\cam_cal_ipl\cam_cal_ipl\src\camcal.cpp(629): warning C4244: '=': conversion from 'double' to 'float', possible loss of data
d:\research\mot\aicity18\2018aicity_teamuw\track1\cam_cal_ipl\cam_cal_ipl\src\camcal.cpp(630): warning C4244: '=': conversion from 'double' to 'float', possible loss of data
d:\research\mot\aicity18\2018aicity_teamuw\track1\cam_cal_ipl\cam_cal_ipl\src\camcal.cpp(708): warning C4244: '=': conversion from 'double' to 'int', possible loss of data
d:\research\mot\aicity18\2018aicity_teamuw\track1\cam_cal_ipl\cam_cal_ipl\src\camcal.cpp(781): warning C4244: 'initializing': conversion from 'float' to 'int', possible loss of data
d:\research\mot\aicity18\2018aicity_teamuw\track1\cam_cal_ipl\cam_cal_ipl\src\camcal.cpp(782): warning C4244: 'initializing': conversion from 'float' to 'int', possible loss of data
d:\research\mot\aicity18\2018aicity_teamuw\track1\cam_cal_ipl\cam_cal_ipl\src\camcal.cpp(783): warning C4244: 'initializing': conversion from 'float' to 'int', possible loss of data
d:\research\mot\aicity18\2018aicity_teamuw\track1\cam_cal_ipl\cam_cal_ipl\src\camcal.cpp(784): warning C4244: 'initializing': conversion from 'float' to 'int', possible loss of data
d:\research\mot\aicity18\2018aicity_teamuw\track1\cam_cal_ipl\cam_cal_ipl\src\camcal.cpp(793): warning C4244: 'argument': conversion from 'int' to 'float', possible loss of data
d:\research\mot\aicity18\2018aicity_teamuw\track1\cam_cal_ipl\cam_cal_ipl\src\camcal.cpp(795): warning C4244: 'argument': conversion from 'int' to 'float', possible loss of data
d:\research\mot\aicity18\2018aicity_teamuw\track1\cam_cal_ipl\cam_cal_ipl\src\camcal.cpp(798): warning C4244: 'argument': conversion from 'int' to 'float', possible loss of data
d:\research\mot\aicity18\2018aicity_teamuw\track1\cam_cal_ipl\cam_cal_ipl\src\camcal.cpp(800): warning C4244: 'argument': conversion from 'int' to 'float', possible loss of data
d:\research\mot\aicity18\2018aicity_teamuw\track1\cam_cal_ipl\cam_cal_ipl\src\camcal.cpp(803): warning C4244: 'argument': conversion from 'int' to 'float', possible loss of data
d:\research\mot\aicity18\2018aicity_teamuw\track1\cam_cal_ipl\cam_cal_ipl\src\camcal.cpp(805): warning C4244: 'argument': conversion from 'int' to 'float', possible loss of data
d:\research\mot\aicity18\2018aicity_teamuw\track1\cam_cal_ipl\cam_cal_ipl\src\camcal.cpp(808): warning C4244: 'argument': conversion from 'int' to 'float', possible loss of data
d:\research\mot\aicity18\2018aicity_teamuw\track1\cam_cal_ipl\cam_cal_ipl\src\camcal.cpp(810): warning C4244: 'argument': conversion from 'int' to 'float', possible loss of data
d:\research\mot\aicity18\2018aicity_teamuw\track1\cam_cal_ipl\cam_cal_ipl\src\camcal.cpp(835): warning C4244: '=': conversion from 'double' to 'float', possible loss of data
d:\research\mot\aicity18\2018aicity_teamuw\track1\cam_cal_ipl\cam_cal_ipl\src\camcal.cpp(836): warning C4244: '=': conversion from 'double' to 'float', possible loss of data
d:\research\mot\aicity18\2018aicity_teamuw\track1\cam_cal_ipl\cam_cal_ipl\src\camcal.cpp(871): warning C4244: '=': conversion from 'double' to 'float', possible loss of data
d:\research\mot\aicity18\2018aicity_teamuw\track1\cam_cal_ipl\cam_cal_ipl\src\camcal.cpp(872): warning C4244: '=': conversion from 'double' to 'float', possible loss of data
d:\research\mot\aicity18\2018aicity_teamuw\track1\cam_cal_ipl\cam_cal_ipl\src\camcal.cpp(873): warning C4244: '=': conversion from 'double' to 'float', possible loss of data
d:\research\mot\aicity18\2018aicity_teamuw\track1\cam_cal_ipl\cam_cal_ipl\src\camcal.cpp(874): warning C4244: '=': conversion from 'double' to 'float', possible loss of data
d:\research\mot\aicity18\2018aicity_teamuw\track1\cam_cal_ipl\cam_cal_ipl\src\camcal.cpp(875): warning C4244: '=': conversion from 'double' to 'float', possible loss of data
d:\research\mot\aicity18\2018aicity_teamuw\track1\cam_cal_ipl\cam_cal_ipl\src\camcal.cpp(876): warning C4244: '=': conversion from 'double' to 'float', possible loss of data
d:\research\mot\aicity18\2018aicity_teamuw\track1\cam_cal_ipl\cam_cal_ipl\src\camcal.cpp(899): warning C4267: 'initializing': conversion from 'size_t' to 'int', possible loss of data
d:\research\mot\aicity18\2018aicity_teamuw\track1\cam_cal_ipl\cam_cal_ipl\src\camcal.cpp(1040): warning C4244: 'argument': conversion from 'float' to 'int', possible loss of data
d:\research\mot\aicity18\2018aicity_teamuw\track1\cam_cal_ipl\cam_cal_ipl\src\camcal.cpp(1039): warning C4244: 'argument': conversion from 'float' to 'int', possible loss of data
d:\research\mot\aicity18\2018aicity_teamuw\track1\cam_cal_ipl\cam_cal_ipl\src\camcal.cpp(1097): warning C4244: 'argument': conversion from 'int' to 'float', possible loss of data
d:\research\mot\aicity18\2018aicity_teamuw\track1\cam_cal_ipl\cam_cal_ipl\src\camcal.cpp(1099): warning C4244: 'argument': conversion from 'int' to 'float', possible loss of data
d:\research\mot\aicity18\2018aicity_teamuw\track1\cam_cal_ipl\cam_cal_ipl\src\camcal.cpp(1241): warning C4244: '=': conversion from 'double' to 'int', possible loss of data
d:\research\mot\aicity18\2018aicity_teamuw\track1\cam_cal_ipl\cam_cal_ipl\src\camcal.cpp(1242): warning C4244: '=': conversion from 'double' to 'int', possible loss of data
d:\research\mot\aicity18\2018aicity_teamuw\track1\cam_cal_ipl\cam_cal_ipl\src\camcal.cpp(1248): warning C4244: '=': conversion from 'double' to 'int', possible loss of data
d:\research\mot\aicity18\2018aicity_teamuw\track1\cam_cal_ipl\cam_cal_ipl\src\camcal.cpp(1249): warning C4244: '=': conversion from 'double' to 'int', possible loss of data
d:\research\mot\aicity18\2018aicity_teamuw\track1\cam_cal_ipl\cam_cal_ipl\src\camcal.h(42): warning C4244: 'return': conversion from 'double' to 'int', possible loss of data
  d:\research\mot\aicity18\2018aicity_teamuw\track1\cam_cal_ipl\cam_cal_ipl\src\camcal.h(93): note: see reference to function template instantiation 'T deg2rad<int>(T)' being compiled
          with
          [
              T=int
          ]
  CAM_CAL_IPL.vcxproj -> D:\research\mot\aicity18\2018AICity_TeamUW\Track1\CAM_CAL_IPL\x64\Debug\CAM_CAL_IPL.exe
