  CamCal.cpp
d:\research\mot\aicity18\2018aicity_teamuw\track1\cam_cal_ipl\cam_cal_ipl\src\utils.h(34): warning C4244: 'argument': conversion from 'float' to 'int', possible loss of data
d:\research\mot\aicity18\2018aicity_teamuw\track1\cam_cal_ipl\cam_cal_ipl\src\utils.h(124): warning C4244: 'argument': conversion from 'double' to 'float', possible loss of data
d:\research\mot\aicity18\2018aicity_teamuw\track1\cam_cal_ipl\cam_cal_ipl\src\utils.h(126): warning C4244: 'argument': conversion from 'double' to 'float', possible loss of data
d:\research\mot\aicity18\2018aicity_teamuw\track1\cam_cal_ipl\cam_cal_ipl\src\CamCal.h(93): warning C4244: '=': conversion from 'int' to 'float', possible loss of data
d:\research\mot\aicity18\2018aicity_teamuw\track1\cam_cal_ipl\cam_cal_ipl\src\CamCal.h(94): warning C4244: '=': conversion from 'int' to 'float', possible loss of data
d:\research\mot\aicity18\2018aicity_teamuw\track1\cam_cal_ipl\cam_cal_ipl\src\CamCal.h(95): warning C4244: '=': conversion from 'int' to 'float', possible loss of data
src\CamCal.cpp(196): warning C4244: 'argument': conversion from 'int' to 'float', possible loss of data
src\CamCal.cpp(228): warning C4267: 'initializing': conversion from 'size_t' to 'int', possible loss of data
src\CamCal.cpp(236): warning C4244: '=': conversion from 'double' to 'float', possible loss of data
src\CamCal.cpp(237): warning C4244: '=': conversion from 'double' to 'float', possible loss of data
src\CamCal.cpp(242): warning C4267: 'initializing': conversion from 'size_t' to 'int', possible loss of data
src\CamCal.cpp(290): warning C4244: '=': conversion from 'double' to 'int', possible loss of data
src\CamCal.cpp(318): warning C4267: 'initializing': conversion from 'size_t' to 'int', possible loss of data
src\CamCal.cpp(340): warning C4244: '=': conversion from 'double' to 'float', possible loss of data
src\CamCal.cpp(341): warning C4244: '=': conversion from 'double' to 'float', possible loss of data
src\CamCal.cpp(342): warning C4244: '=': conversion from 'double' to 'float', possible loss of data
src\CamCal.cpp(347): warning C4267: 'initializing': conversion from 'size_t' to 'int', possible loss of data
src\CamCal.cpp(556): warning C4244: 'argument': conversion from 'double' to 'float', possible loss of data
src\CamCal.cpp(629): warning C4244: '=': conversion from 'double' to 'float', possible loss of data
src\CamCal.cpp(630): warning C4244: '=': conversion from 'double' to 'float', possible loss of data
src\CamCal.cpp(708): warning C4244: '=': conversion from 'double' to 'int', possible loss of data
src\CamCal.cpp(781): warning C4244: 'initializing': conversion from 'float' to 'int', possible loss of data
src\CamCal.cpp(782): warning C4244: 'initializing': conversion from 'float' to 'int', possible loss of data
src\CamCal.cpp(783): warning C4244: 'initializing': conversion from 'float' to 'int', possible loss of data
src\CamCal.cpp(784): warning C4244: 'initializing': conversion from 'float' to 'int', possible loss of data
src\CamCal.cpp(793): warning C4244: 'argument': conversion from 'int' to 'float', possible loss of data
src\CamCal.cpp(795): warning C4244: 'argument': conversion from 'int' to 'float', possible loss of data
src\CamCal.cpp(798): warning C4244: 'argument': conversion from 'int' to 'float', possible loss of data
src\CamCal.cpp(800): warning C4244: 'argument': conversion from 'int' to 'float', possible loss of data
src\CamCal.cpp(803): warning C4244: 'argument': conversion from 'int' to 'float', possible loss of data
src\CamCal.cpp(805): warning C4244: 'argument': conversion from 'int' to 'float', possible loss of data
src\CamCal.cpp(808): warning C4244: 'argument': conversion from 'int' to 'float', possible loss of data
src\CamCal.cpp(810): warning C4244: 'argument': conversion from 'int' to 'float', possible loss of data
src\CamCal.cpp(835): warning C4244: '=': conversion from 'double' to 'float', possible loss of data
src\CamCal.cpp(836): warning C4244: '=': conversion from 'double' to 'float', possible loss of data
src\CamCal.cpp(871): warning C4244: '=': conversion from 'double' to 'float', possible loss of data
src\CamCal.cpp(872): warning C4244: '=': conversion from 'double' to 'float', possible loss of data
src\CamCal.cpp(873): warning C4244: '=': conversion from 'double' to 'float', possible loss of data
src\CamCal.cpp(874): warning C4244: '=': conversion from 'double' to 'float', possible loss of data
src\CamCal.cpp(875): warning C4244: '=': conversion from 'double' to 'float', possible loss of data
src\CamCal.cpp(876): warning C4244: '=': conversion from 'double' to 'float', possible loss of data
src\CamCal.cpp(899): warning C4267: 'initializing': conversion from 'size_t' to 'int', possible loss of data
src\CamCal.cpp(1040): warning C4244: 'argument': conversion from 'float' to 'int', possible loss of data
src\CamCal.cpp(1039): warning C4244: 'argument': conversion from 'float' to 'int', possible loss of data
src\CamCal.cpp(1097): warning C4244: 'argument': conversion from 'int' to 'float', possible loss of data
src\CamCal.cpp(1099): warning C4244: 'argument': conversion from 'int' to 'float', possible loss of data
src\CamCal.cpp(1241): warning C4244: '=': conversion from 'double' to 'int', possible loss of data
src\CamCal.cpp(1242): warning C4244: '=': conversion from 'double' to 'int', possible loss of data
src\CamCal.cpp(1248): warning C4244: '=': conversion from 'double' to 'int', possible loss of data
src\CamCal.cpp(1249): warning C4244: '=': conversion from 'double' to 'int', possible loss of data
d:\research\mot\aicity18\2018aicity_teamuw\track1\cam_cal_ipl\cam_cal_ipl\src\CamCal.h(42): warning C4244: 'return': conversion from 'double' to 'int', possible loss of data
  d:\research\mot\aicity18\2018aicity_teamuw\track1\cam_cal_ipl\cam_cal_ipl\src\CamCal.h(93): note: see reference to function template instantiation 'T deg2rad<int>(T)' being compiled
          with
          [
              T=int
          ]
  Generating code
  5 of 734 functions ( 0.7%) were compiled, the rest were copied from previous compilation.
    0 functions were new in current compilation
    21 functions had inline decision re-evaluated but remain unchanged
  Finished generating code
  CAM_CAL_IPL.vcxproj -> D:\research\mot\aicity18\2018AICity_TeamUW\Track1\CAM_CAL_IPL\x64\Release\CAM_CAL_IPL.exe
